SQL3501W  由于禁用数据库正向恢复，因此表所驻留的表空间将不被置于备份暂挂状态。

SQL3039W  可供 DATA BUFFER 的 LOAD 使用的内存禁止完全 LOAD
并行性。将使用装入并行性 "1"。

SQL3109N  实用程序正在开始从文件
"C:\Users\zhuyy\Desktop\Emory\BMI\pais\miccaichallenge\release\humanmas"
装入数据。

SQL3500W  在时间 "2014-09-09 15:42:16.050805"，实用程序在开始 "LOAD"。

SQL3519W  开始装入一致点。输入记录数 = "0"。

SQL3520W  “装入一致点”成功。

SQL3110N  实用程序已完成处理。从输入文件读了 "35" 行。

SQL3519W  开始装入一致点。输入记录数 = "35"。

SQL3520W  “装入一致点”成功。

SQL3515W  在时间 "2014-09-09 15:42:16.081420"，实用程序已经完成了 "LOAD"。

SQL3500W  在时间 "2014-09-09 15:42:16.085593"，实用程序在开始 "BUILD"。

SQL3213I  建立索引方式为 "REBUILD"。

SQL3515W  在时间 "2014-09-09 15:42:16.210559"，实用程序已经完成了 "BUILD"。


读取行数         = 35
跳过行数         = 0
装入行数         = 35
拒绝行数         = 0
删除行数         = 0
落实行数         = 35

